......                                                                   [100%]
================================ tests coverage ================================
_______________ coverage: platform darwin, python 3.13.3-final-0 _______________

Name                              Stmts   Miss  Cover
-----------------------------------------------------
src/redteam/__init__.py               1      0   100%
src/redteam/cli/__init__.py           0      0   100%
src/redteam/cli/main.py              17     17     0%
src/redteam/probes/__init__.py        0      0   100%
src/redteam/probes/library.py         4      0   100%
src/redteam/runner.py                27      0   100%
src/redteam/scoring/__init__.py       0      0   100%
src/redteam/scoring/asr.py           14      0   100%
src/redteam/targets/__init__.py       0      0   100%
src/redteam/targets/mock.py          15      0   100%
src/redteam/types.py                 28      0   100%
src/redteam/viz/__init__.py           0      0   100%
src/redteam/viz/charts.py            92      0   100%
-----------------------------------------------------
TOTAL                               198     17    91%
6 passed in 0.64s
